-------------------------------------------------------------------------------
Test set: CompanyDaoTest
-------------------------------------------------------------------------------
Tests run: 1, Failures: 1, Errors: 0, Skipped: 0, Time elapsed: 0.055 s <<< FAILURE! - in CompanyDaoTest
warning(junit.framework.TestSuite$1)  Time elapsed: 0.015 s  <<< FAILURE!
junit.framework.AssertionFailedError: No tests found in CompanyDaoTest
	at junit.framework.TestSuite$1.runTest(TestSuite.java:100)

